<?xml version="1.0" encoding="UTF-8"?>
<testng-results ignored="0" total="1" passed="1" failed="0" skipped="0">
  <reporter-output>
  </reporter-output>
  <suite started-at="2021-04-18T02:18:34 IST" name="Default suite" finished-at="2021-04-18T02:19:08 IST" duration-ms="34212">
    <groups>
    </groups>
    <test started-at="2021-04-18T02:18:34 IST" name="Default test" finished-at="2021-04-18T02:19:08 IST" duration-ms="34212">
      <class name="com.tmb.challenges.Challenge2">
        <test-method signature="carouselCode()[pri:0, instance:com.tmb.challenges.Challenge2@51e5fc98]" started-at="2021-04-18T02:18:34 IST" name="carouselCode" finished-at="2021-04-18T02:19:08 IST" duration-ms="34087" status="PASS">
          <reporter-output>
          </reporter-output>
        </test-method> <!-- carouselCode -->
      </class> <!-- com.tmb.challenges.Challenge2 -->
    </test> <!-- Default test -->
  </suite> <!-- Default suite -->
</testng-results>
