<?xml version="1.0" encoding="UTF-8"?>
<testng-results ignored="0" total="1" passed="1" failed="0" skipped="0">
  <reporter-output>
  </reporter-output>
  <suite started-at="2021-04-18T01:11:44 IST" name="Default suite" finished-at="2021-04-18T01:12:04 IST" duration-ms="19566">
    <groups>
    </groups>
    <test started-at="2021-04-18T01:11:44 IST" name="Default test" finished-at="2021-04-18T01:12:04 IST" duration-ms="19566">
      <class name="com.tmb.challenges.Challenge1">
        <test-method signature="captureInfo()[pri:0, instance:com.tmb.challenges.Challenge1@51e5fc98]" started-at="2021-04-18T01:11:44 IST" name="captureInfo" finished-at="2021-04-18T01:12:04 IST" duration-ms="19538" status="PASS">
          <reporter-output>
          </reporter-output>
        </test-method> <!-- captureInfo -->
      </class> <!-- com.tmb.challenges.Challenge1 -->
    </test> <!-- Default test -->
  </suite> <!-- Default suite -->
</testng-results>
